<?xml version="1.0" encoding="UTF-8"?>
<coverage generated="1636469398334" clover="3.2.0">
  <project timestamp="1636469398334" name="All files">
    <metrics statements="12" coveredstatements="8" conditionals="8" coveredconditionals="5" methods="2" coveredmethods="1" elements="22" coveredelements="14" complexity="0" loc="12" ncloc="12" packages="1" files="1" classes="1"/>
    <file name="task2.js" path="J:\webuiclub\sprint8\task2.js">
      <metrics statements="12" coveredstatements="8" conditionals="8" coveredconditionals="5" methods="2" coveredmethods="1"/>
      <line num="1" count="1" type="stmt"/>
      <line num="4" count="4" type="cond" truecount="2" falsecount="0"/>
      <line num="5" count="4" type="stmt"/>
      <line num="7" count="4" type="stmt"/>
      <line num="9" count="8" type="cond" truecount="2" falsecount="0"/>
      <line num="10" count="7" type="stmt"/>
      <line num="13" count="4" type="cond" truecount="1" falsecount="1"/>
      <line num="17" count="0" type="stmt"/>
      <line num="18" count="0" type="stmt"/>
      <line num="19" count="0" type="cond" truecount="0" falsecount="2"/>
      <line num="21" count="0" type="stmt"/>
      <line num="24" count="1" type="stmt"/>
    </file>
  </project>
</coverage>
