<?xml version="1.0" encoding="UTF-8"?>
<coverage generated="1636319825450" clover="3.2.0">
  <project timestamp="1636319825451" name="All files">
    <metrics statements="20" coveredstatements="20" conditionals="10" coveredconditionals="10" methods="3" coveredmethods="3" elements="33" coveredelements="33" complexity="0" loc="20" ncloc="20" packages="1" files="2" classes="2"/>
    <file name="task1.js" path="J:\webuiclub\sprint8\task1.js">
      <metrics statements="8" coveredstatements="8" conditionals="2" coveredconditionals="2" methods="1" coveredmethods="1"/>
      <line num="4" count="1" type="stmt"/>
      <line num="5" count="5" type="stmt"/>
      <line num="6" count="5" type="cond" truecount="2" falsecount="0"/>
      <line num="7" count="5" type="stmt"/>
      <line num="9" count="10" type="stmt"/>
      <line num="10" count="10" type="stmt"/>
      <line num="12" count="5" type="stmt"/>
      <line num="15" count="1" type="stmt"/>
    </file>
    <file name="task2.js" path="J:\webuiclub\sprint8\task2.js">
      <metrics statements="12" coveredstatements="12" conditionals="8" coveredconditionals="8" methods="2" coveredmethods="2"/>
      <line num="1" count="1" type="stmt"/>
      <line num="4" count="1004" type="cond" truecount="2" falsecount="0"/>
      <line num="5" count="1004" type="stmt"/>
      <line num="7" count="1004" type="stmt"/>
      <line num="9" count="187760" type="cond" truecount="2" falsecount="0"/>
      <line num="10" count="6078" type="stmt"/>
      <line num="13" count="1004" type="cond" truecount="2" falsecount="0"/>
      <line num="17" count="1" type="stmt"/>
      <line num="18" count="1" type="stmt"/>
      <line num="19" count="1000" type="cond" truecount="2" falsecount="0"/>
      <line num="21" count="1" type="stmt"/>
      <line num="24" count="1" type="stmt"/>
    </file>
  </project>
</coverage>
