{"J:\\webuiclub\\sprint8\\task1.js": {"path":"J:\\webuiclub\\sprint8\\task1.js","statementMap":{"0":{"start":{"line":4,"column":18},"end":{"line":13,"column":1}},"1":{"start":{"line":5,"column":15},"end":{"line":5,"column":17}},"2":{"start":{"line":6,"column":16},"end":{"line":6,"column":30}},"3":{"start":{"line":7,"column":4},"end":{"line":11,"column":5}},"4":{"start":{"line":9,"column":8},"end":{"line":9,"column":20}},"5":{"start":{"line":10,"column":8},"end":{"line":10,"column":17}},"6":{"start":{"line":12,"column":4},"end":{"line":12,"column":18}},"7":{"start":{"line":15,"column":0},"end":{"line":15,"column":29}}},"fnMap":{"0":{"name":"(anonymous_0)","decl":{"start":{"line":4,"column":18},"end":{"line":4,"column":19}},"loc":{"start":{"line":4,"column":33},"end":{"line":13,"column":1}},"line":4}},"branchMap":{"0":{"loc":{"start":{"line":6,"column":16},"end":{"line":6,"column":30}},"type":"cond-expr","locations":[{"start":{"line":6,"column":25},"end":{"line":6,"column":26}},{"start":{"line":6,"column":29},"end":{"line":6,"column":30}}],"line":6}},"s":{"0":1,"1":5,"2":5,"3":5,"4":10,"5":10,"6":5,"7":1},"f":{"0":5},"b":{"0":[1,4]},"_coverageSchema":"1a1c01bbd47fc00a2c39e90264f33305004495a9","hash":"8946692ce5d913c1f8f415c99df709f5e3f01046"}
,"J:\\webuiclub\\sprint8\\task2.js": {"path":"J:\\webuiclub\\sprint8\\task2.js","statementMap":{"0":{"start":{"line":1,"column":18},"end":{"line":1,"column":34}},"1":{"start":{"line":4,"column":17},"end":{"line":4,"column":32}},"2":{"start":{"line":5,"column":14},"end":{"line":5,"column":15}},"3":{"start":{"line":7,"column":4},"end":{"line":12,"column":5}},"4":{"start":{"line":7,"column":15},"end":{"line":7,"column":16}},"5":{"start":{"line":9,"column":8},"end":{"line":11,"column":9}},"6":{"start":{"line":10,"column":12},"end":{"line":10,"column":21}},"7":{"start":{"line":13,"column":4},"end":{"line":13,"column":39}},"8":{"start":{"line":17,"column":14},"end":{"line":17,"column":16}},"9":{"start":{"line":18,"column":4},"end":{"line":20,"column":5}},"10":{"start":{"line":18,"column":15},"end":{"line":18,"column":16}},"11":{"start":{"line":19,"column":8},"end":{"line":19,"column":39}},"12":{"start":{"line":19,"column":24},"end":{"line":19,"column":38}},"13":{"start":{"line":21,"column":4},"end":{"line":21,"column":27}},"14":{"start":{"line":24,"column":0},"end":{"line":24,"column":38}}},"fnMap":{"0":{"name":"ideal","decl":{"start":{"line":3,"column":9},"end":{"line":3,"column":14}},"loc":{"start":{"line":3,"column":18},"end":{"line":14,"column":1}},"line":3},"1":{"name":"getIdealNums","decl":{"start":{"line":16,"column":9},"end":{"line":16,"column":21}},"loc":{"start":{"line":16,"column":24},"end":{"line":22,"column":1}},"line":16}},"branchMap":{"0":{"loc":{"start":{"line":4,"column":17},"end":{"line":4,"column":32}},"type":"cond-expr","locations":[{"start":{"line":4,"column":27},"end":{"line":4,"column":28}},{"start":{"line":4,"column":31},"end":{"line":4,"column":32}}],"line":4},"1":{"loc":{"start":{"line":9,"column":8},"end":{"line":11,"column":9}},"type":"if","locations":[{"start":{"line":9,"column":8},"end":{"line":11,"column":9}},{"start":{},"end":{}}],"line":9},"2":{"loc":{"start":{"line":13,"column":13},"end":{"line":13,"column":36}},"type":"cond-expr","locations":[{"start":{"line":13,"column":24},"end":{"line":13,"column":28}},{"start":{"line":13,"column":31},"end":{"line":13,"column":36}}],"line":13},"3":{"loc":{"start":{"line":19,"column":8},"end":{"line":19,"column":39}},"type":"if","locations":[{"start":{"line":19,"column":8},"end":{"line":19,"column":39}},{"start":{},"end":{}}],"line":19}},"s":{"0":1,"1":1004,"2":1004,"3":1004,"4":1004,"5":187760,"6":6078,"7":1004,"8":1,"9":1,"10":1,"11":1000,"12":3,"13":1,"14":1},"f":{"0":1004,"1":1},"b":{"0":[502,502],"1":[6078,181682],"2":[4,1000],"3":[3,997]},"_coverageSchema":"1a1c01bbd47fc00a2c39e90264f33305004495a9","hash":"f94c4e6bc35250457ffccf4c85ac56534c0529a7"}
}
