TN:
SF:task1.js
FN:4,(anonymous_0)
FNF:1
FNH:1
FNDA:5,(anonymous_0)
DA:4,1
DA:5,5
DA:6,5
DA:7,5
DA:9,10
DA:10,10
DA:12,5
DA:15,1
LF:8
LH:8
BRDA:6,0,0,1
BRDA:6,0,1,4
BRF:2
BRH:2
end_of_record
TN:
SF:task2.js
FN:3,ideal
FN:16,getIdealNums
FNF:2
FNH:2
FNDA:1004,ideal
FNDA:1,getIdealNums
DA:1,1
DA:4,1004
DA:5,1004
DA:7,1004
DA:9,187760
DA:10,6078
DA:13,1004
DA:17,1
DA:18,1
DA:19,1000
DA:21,1
DA:24,1
LF:12
LH:12
BRDA:4,0,0,502
BRDA:4,0,1,502
BRDA:9,1,0,6078
BRDA:9,1,1,181682
BRDA:13,2,0,4
BRDA:13,2,1,1000
BRDA:19,3,0,3
BRDA:19,3,1,997
BRF:8
BRH:8
end_of_record
